
	Data file: test_files/input100D.inp 
	Points: 10000
	Dimensions: 100
	Number of clusters: 6
	Maximum number of iterations: 3000
	Minimum number of changes: 100 [1% of 10000 points]
	Maximum centroid precision: 0.000010

Memory allocation: 0.110484 seconds
108,64
[0] Cluster changes: 10000	Max. centroid distance: 466.627411
[0] Cluster changes: 1820	Max. centroid distance: 30.963005
[0] Cluster changes: 994	Max. centroid distance: 18.774874
[0] Cluster changes: 706	Max. centroid distance: 14.822847
[0] Cluster changes: 584	Max. centroid distance: 11.272593
[0] Cluster changes: 469	Max. centroid distance: 9.730947
[0] Cluster changes: 438	Max. centroid distance: 10.240373
[0] Cluster changes: 403	Max. centroid distance: 9.421896
[0] Cluster changes: 320	Max. centroid distance: 8.497683
[0] Cluster changes: 309	Max. centroid distance: 7.966470
[0] Cluster changes: 253	Max. centroid distance: 7.732989
[0] Cluster changes: 199	Max. centroid distance: 5.045348
[0] Cluster changes: 201	Max. centroid distance: 5.466749
[0] Cluster changes: 194	Max. centroid distance: 5.426640
[0] Cluster changes: 178	Max. centroid distance: 4.994458
[0] Cluster changes: 155	Max. centroid distance: 4.827550
[0] Cluster changes: 145	Max. centroid distance: 4.027798
[0] Cluster changes: 161	Max. centroid distance: 4.717536
[0] Cluster changes: 140	Max. centroid distance: 4.620948
[0] Cluster changes: 124	Max. centroid distance: 3.937523
[0] Cluster changes: 109	Max. centroid distance: 3.357753
[0] Cluster changes: 108	Max. centroid distance: 3.223954
[0] Cluster changes: 107	Max. centroid distance: 3.417558
[0] Cluster changes: 103	Max. centroid distance: 3.607164
[0] Cluster changes: 108	Max. centroid distance: 3.401634
[0] Cluster changes: 107	Max. centroid distance: 3.409194
[0] Cluster changes: 82	Max. centroid distance: 2.624972
Computation: 0.011185 seconds

Termination condition:
Minimum number of changes reached: 82 [100]

Memory deallocation: 0.002838 seconds
