000 (259718.000.000) 2025-01-09 11:19:25 Job submitted from host: <192.168.0.102:9618?addrs=192.168.0.102-9618&alias=submitter&noUDP&sock=schedd_2032_5c88>
...
007 (259718.000.000) 2025-01-09 11:19:25 Shadow exception!
	Error from slot1_1@node113.di.rm1: Failed to open '/home/gautieri_2041850/Progetto/progetto-multicore/Alessandro/kmeans/CUDA/logs/cuda_job.out' as standard output: No such file or directory (errno 2)
	0  -  Run Bytes Sent By Job
	0  -  Run Bytes Received By Job
...
012 (259718.000.000) 2025-01-09 11:19:25 Job was held.
	Error from slot1_1@node113.di.rm1: Failed to open '/home/gautieri_2041850/Progetto/progetto-multicore/Alessandro/kmeans/CUDA/logs/cuda_job.out' as standard output: No such file or directory (errno 2)
	Code 7 Subcode 2
...
009 (259718.000.000) 2025-01-09 11:20:01 Job was aborted.
	via condor_rm (by user gautieri_2041850)
...
000 (259719.000.000) 2025-01-09 11:20:09 Job submitted from host: <192.168.0.102:9618?addrs=192.168.0.102-9618&alias=submitter&noUDP&sock=schedd_2032_5c88>
...
001 (259719.000.000) 2025-01-09 11:20:10 Job executing on host: <192.168.0.113:9618?addrs=192.168.0.113-9618&alias=node113.di.rm1&noUDP&sock=startd_3668932_c305>
...
006 (259719.000.000) 2025-01-09 11:20:10 Image size of job updated: 3432
	0  -  MemoryUsage of job (MB)
	0  -  ResidentSetSize of job (KB)
...
005 (259719.000.000) 2025-01-09 11:20:10 Job terminated.
	(1) Normal termination (return value 0)
		Usr 0 00:00:00, Sys 0 00:00:01  -  Run Remote Usage
		Usr 0 00:00:00, Sys 0 00:00:00  -  Run Local Usage
		Usr 0 00:00:00, Sys 0 00:00:01  -  Total Remote Usage
		Usr 0 00:00:00, Sys 0 00:00:00  -  Total Local Usage
	0  -  Run Bytes Sent By Job
	0  -  Run Bytes Received By Job
	0  -  Total Bytes Sent By Job
	0  -  Total Bytes Received By Job
	Partitionable Resources :    Usage  Request Allocated Assigned
	   Cpus                 :                 1         1 
	   Disk (KB)            :      750      750    459754 
	   Gpus (Average)       :                 1         1 "GPU-96ae8f9f"
	   Memory (MB)          :        0        1       128 

	Job terminated of its own accord at 2025-01-09T11:20:10Z with exit-code 0.
...
000 (259720.000.000) 2025-01-09 11:20:39 Job submitted from host: <192.168.0.102:9618?addrs=192.168.0.102-9618&alias=submitter&noUDP&sock=schedd_2032_5c88>
...
001 (259720.000.000) 2025-01-09 11:20:39 Job executing on host: <192.168.0.113:9618?addrs=192.168.0.113-9618&alias=node113.di.rm1&noUDP&sock=startd_3668932_c305>
...
006 (259720.000.000) 2025-01-09 11:20:40 Image size of job updated: 3432
	0  -  MemoryUsage of job (MB)
	0  -  ResidentSetSize of job (KB)
...
005 (259720.000.000) 2025-01-09 11:20:40 Job terminated.
	(1) Normal termination (return value 0)
		Usr 0 00:00:00, Sys 0 00:00:00  -  Run Remote Usage
		Usr 0 00:00:00, Sys 0 00:00:00  -  Run Local Usage
		Usr 0 00:00:00, Sys 0 00:00:00  -  Total Remote Usage
		Usr 0 00:00:00, Sys 0 00:00:00  -  Total Local Usage
	0  -  Run Bytes Sent By Job
	0  -  Run Bytes Received By Job
	0  -  Total Bytes Sent By Job
	0  -  Total Bytes Received By Job
	Partitionable Resources :    Usage  Request Allocated Assigned
	   Cpus                 :                 1         1 
	   Disk (KB)            :      750      750    459754 
	   Gpus (Average)       :                 1         1 "GPU-96ae8f9f"
	   Memory (MB)          :        0        1       128 

	Job terminated of its own accord at 2025-01-09T11:20:40Z with exit-code 0.
...
000 (259721.000.000) 2025-01-09 11:21:27 Job submitted from host: <192.168.0.102:9618?addrs=192.168.0.102-9618&alias=submitter&noUDP&sock=schedd_2032_5c88>
...
001 (259721.000.000) 2025-01-09 11:21:27 Job executing on host: <192.168.0.113:9618?addrs=192.168.0.113-9618&alias=node113.di.rm1&noUDP&sock=startd_3668932_c305>
...
006 (259721.000.000) 2025-01-09 11:21:28 Image size of job updated: 21388
	6  -  MemoryUsage of job (MB)
	5944  -  ResidentSetSize of job (KB)
...
005 (259721.000.000) 2025-01-09 11:21:28 Job terminated.
	(1) Normal termination (return value 0)
		Usr 0 00:00:00, Sys 0 00:00:00  -  Run Remote Usage
		Usr 0 00:00:00, Sys 0 00:00:00  -  Run Local Usage
		Usr 0 00:00:00, Sys 0 00:00:00  -  Total Remote Usage
		Usr 0 00:00:00, Sys 0 00:00:00  -  Total Local Usage
	0  -  Run Bytes Sent By Job
	0  -  Run Bytes Received By Job
	0  -  Total Bytes Sent By Job
	0  -  Total Bytes Received By Job
	Partitionable Resources :    Usage  Request Allocated Assigned
	   Cpus                 :                 1         1 
	   Disk (KB)            :       32       32    459754 
	   Gpus (Average)       :                 1         1 "GPU-96ae8f9f"
	   Memory (MB)          :        6        1       128 

	Job terminated of its own accord at 2025-01-09T11:21:28Z with exit-code 0.
...
000 (259722.000.000) 2025-01-09 11:21:45 Job submitted from host: <192.168.0.102:9618?addrs=192.168.0.102-9618&alias=submitter&noUDP&sock=schedd_2032_5c88>
...
001 (259722.000.000) 2025-01-09 11:21:47 Job executing on host: <192.168.0.113:9618?addrs=192.168.0.113-9618&alias=node113.di.rm1&noUDP&sock=startd_3668932_c305>
...
006 (259722.000.000) 2025-01-09 11:21:48 Image size of job updated: 25204
	6  -  MemoryUsage of job (MB)
	5800  -  ResidentSetSize of job (KB)
...
005 (259722.000.000) 2025-01-09 11:21:48 Job terminated.
	(1) Normal termination (return value 0)
		Usr 0 00:00:00, Sys 0 00:00:00  -  Run Remote Usage
		Usr 0 00:00:00, Sys 0 00:00:00  -  Run Local Usage
		Usr 0 00:00:00, Sys 0 00:00:00  -  Total Remote Usage
		Usr 0 00:00:00, Sys 0 00:00:00  -  Total Local Usage
	0  -  Run Bytes Sent By Job
	0  -  Run Bytes Received By Job
	0  -  Total Bytes Sent By Job
	0  -  Total Bytes Received By Job
	Partitionable Resources :    Usage  Request Allocated Assigned
	   Cpus                 :                 1         1 
	   Disk (KB)            :       32       32    459754 
	   Gpus (Average)       :                 1         1 "GPU-96ae8f9f"
	   Memory (MB)          :        6        1       128 

	Job terminated of its own accord at 2025-01-09T11:21:48Z with exit-code 0.
...
000 (259723.000.000) 2025-01-09 11:22:37 Job submitted from host: <192.168.0.102:9618?addrs=192.168.0.102-9618&alias=submitter&noUDP&sock=schedd_2032_5c88>
...
001 (259723.000.000) 2025-01-09 11:22:37 Job executing on host: <192.168.0.113:9618?addrs=192.168.0.113-9618&alias=node113.di.rm1&noUDP&sock=startd_3668932_c305>
...
006 (259723.000.000) 2025-01-09 11:22:37 Image size of job updated: 24928
	6  -  MemoryUsage of job (MB)
	5656  -  ResidentSetSize of job (KB)
...
005 (259723.000.000) 2025-01-09 11:22:37 Job terminated.
	(1) Normal termination (return value 0)
		Usr 0 00:00:00, Sys 0 00:00:00  -  Run Remote Usage
		Usr 0 00:00:00, Sys 0 00:00:00  -  Run Local Usage
		Usr 0 00:00:00, Sys 0 00:00:00  -  Total Remote Usage
		Usr 0 00:00:00, Sys 0 00:00:00  -  Total Local Usage
	0  -  Run Bytes Sent By Job
	0  -  Run Bytes Received By Job
	0  -  Total Bytes Sent By Job
	0  -  Total Bytes Received By Job
	Partitionable Resources :    Usage  Request Allocated Assigned
	   Cpus                 :                 1         1 
	   Disk (KB)            :       32       32    459754 
	   Gpus (Average)       :                 1         1 "GPU-96ae8f9f"
	   Memory (MB)          :        6        1       128 

	Job terminated of its own accord at 2025-01-09T11:22:37Z with exit-code 0.
...
000 (259724.000.000) 2025-01-09 11:23:08 Job submitted from host: <192.168.0.102:9618?addrs=192.168.0.102-9618&alias=submitter&noUDP&sock=schedd_2032_5c88>
...
001 (259724.000.000) 2025-01-09 11:23:08 Job executing on host: <192.168.0.113:9618?addrs=192.168.0.113-9618&alias=node113.di.rm1&noUDP&sock=startd_3668932_c305>
...
006 (259724.000.000) 2025-01-09 11:23:08 Image size of job updated: 2244
	0  -  MemoryUsage of job (MB)
	0  -  ResidentSetSize of job (KB)
...
005 (259724.000.000) 2025-01-09 11:23:08 Job terminated.
	(1) Normal termination (return value 0)
		Usr 0 00:00:00, Sys 0 00:00:00  -  Run Remote Usage
		Usr 0 00:00:00, Sys 0 00:00:00  -  Run Local Usage
		Usr 0 00:00:00, Sys 0 00:00:00  -  Total Remote Usage
		Usr 0 00:00:00, Sys 0 00:00:00  -  Total Local Usage
	0  -  Run Bytes Sent By Job
	0  -  Run Bytes Received By Job
	0  -  Total Bytes Sent By Job
	0  -  Total Bytes Received By Job
	Partitionable Resources :    Usage  Request Allocated Assigned
	   Cpus                 :                 1         1 
	   Disk (KB)            :      750      750    459754 
	   Gpus (Average)       :                 1         1 "GPU-96ae8f9f"
	   Memory (MB)          :        0        1       128 

	Job terminated of its own accord at 2025-01-09T11:23:08Z with exit-code 0.
...
000 (259725.000.000) 2025-01-09 11:24:12 Job submitted from host: <192.168.0.102:9618?addrs=192.168.0.102-9618&alias=submitter&noUDP&sock=schedd_2032_5c88>
...
001 (259725.000.000) 2025-01-09 11:24:28 Job executing on host: <192.168.0.113:9618?addrs=192.168.0.113-9618&alias=node113.di.rm1&noUDP&sock=startd_3668932_c305>
...
006 (259725.000.000) 2025-01-09 11:24:29 Image size of job updated: 2376
	0  -  MemoryUsage of job (MB)
	0  -  ResidentSetSize of job (KB)
...
005 (259725.000.000) 2025-01-09 11:24:29 Job terminated.
	(1) Normal termination (return value 0)
		Usr 0 00:00:00, Sys 0 00:00:00  -  Run Remote Usage
		Usr 0 00:00:00, Sys 0 00:00:00  -  Run Local Usage
		Usr 0 00:00:00, Sys 0 00:00:00  -  Total Remote Usage
		Usr 0 00:00:00, Sys 0 00:00:00  -  Total Local Usage
	0  -  Run Bytes Sent By Job
	0  -  Run Bytes Received By Job
	0  -  Total Bytes Sent By Job
	0  -  Total Bytes Received By Job
	Partitionable Resources :    Usage  Request Allocated Assigned
	   Cpus                 :                 1         1 
	   Disk (KB)            :      750      750    459754 
	   Gpus (Average)       :                 1         1 "GPU-96ae8f9f"
	   Memory (MB)          :        0        1       128 

	Job terminated of its own accord at 2025-01-09T11:24:29Z with exit-code 0.
...
000 (259726.000.000) 2025-01-09 11:24:42 Job submitted from host: <192.168.0.102:9618?addrs=192.168.0.102-9618&alias=submitter&noUDP&sock=schedd_2032_5c88>
...
001 (259726.000.000) 2025-01-09 11:24:48 Job executing on host: <192.168.0.113:9618?addrs=192.168.0.113-9618&alias=node113.di.rm1&noUDP&sock=startd_3668932_c305>
...
006 (259726.000.000) 2025-01-09 11:24:49 Image size of job updated: 20424
	6  -  MemoryUsage of job (MB)
	5640  -  ResidentSetSize of job (KB)
...
005 (259726.000.000) 2025-01-09 11:24:49 Job terminated.
	(1) Normal termination (return value 0)
		Usr 0 00:00:00, Sys 0 00:00:00  -  Run Remote Usage
		Usr 0 00:00:00, Sys 0 00:00:00  -  Run Local Usage
		Usr 0 00:00:00, Sys 0 00:00:00  -  Total Remote Usage
		Usr 0 00:00:00, Sys 0 00:00:00  -  Total Local Usage
	0  -  Run Bytes Sent By Job
	0  -  Run Bytes Received By Job
	0  -  Total Bytes Sent By Job
	0  -  Total Bytes Received By Job
	Partitionable Resources :    Usage  Request Allocated Assigned
	   Cpus                 :                 1         1 
	   Disk (KB)            :       32       32    459754 
	   Gpus (Average)       :                 1         1 "GPU-96ae8f9f"
	   Memory (MB)          :        6        1       128 

	Job terminated of its own accord at 2025-01-09T11:24:49Z with exit-code 0.
...
