
	Data file: test_files/input100D2.inp 
	Points: 100000
	Dimensions: 100
	Number of clusters: 6
	Maximum number of iterations: 300
	Minimum number of changes: 1000 [1% of 100000 points]
	Maximum centroid precision: 0.000100

Memory allocation: 1.094837 seconds

[1] Cluster changes: 100000	Max. centroid distance: 515.116760
[2] Cluster changes: 13034	Max. centroid distance: 18.083294
[3] Cluster changes: 6771	Max. centroid distance: 9.215610
[4] Cluster changes: 4422	Max. centroid distance: 5.839927
[5] Cluster changes: 3557	Max. centroid distance: 4.690280
[6] Cluster changes: 3213	Max. centroid distance: 4.163077
[7] Cluster changes: 2924	Max. centroid distance: 3.713371
[8] Cluster changes: 2723	Max. centroid distance: 3.457551
[9] Cluster changes: 2560	Max. centroid distance: 3.386862
[10] Cluster changes: 2430	Max. centroid distance: 3.222804
[11] Cluster changes: 2322	Max. centroid distance: 3.007777
[12] Cluster changes: 2166	Max. centroid distance: 2.897416
[13] Cluster changes: 2088	Max. centroid distance: 2.713952
[14] Cluster changes: 2005	Max. centroid distance: 2.762181
[15] Cluster changes: 1922	Max. centroid distance: 2.711786
[16] Cluster changes: 1857	Max. centroid distance: 2.687494
[17] Cluster changes: 1812	Max. centroid distance: 2.580260
[18] Cluster changes: 1765	Max. centroid distance: 2.627171
[19] Cluster changes: 1731	Max. centroid distance: 2.514515
[20] Cluster changes: 1582	Max. centroid distance: 2.319513
[21] Cluster changes: 1606	Max. centroid distance: 2.259547
[22] Cluster changes: 1553	Max. centroid distance: 2.200415
[23] Cluster changes: 1481	Max. centroid distance: 2.157436
[24] Cluster changes: 1473	Max. centroid distance: 2.022220
[25] Cluster changes: 1439	Max. centroid distance: 2.052777
[26] Cluster changes: 1373	Max. centroid distance: 1.961431
[27] Cluster changes: 1343	Max. centroid distance: 1.969458
[28] Cluster changes: 1384	Max. centroid distance: 2.067813
[29] Cluster changes: 1289	Max. centroid distance: 2.134027
[30] Cluster changes: 1184	Max. centroid distance: 1.964515
[31] Cluster changes: 1123	Max. centroid distance: 1.756159
[32] Cluster changes: 1042	Max. centroid distance: 1.787411
[33] Cluster changes: 1029	Max. centroid distance: 1.723476
[34] Cluster changes: 983	Max. centroid distance: 1.526701
Computation: 1.842681 seconds

Termination condition:
Minimum number of changes reached: 983 [1000]

Memory deallocation: 0.014882 seconds
