000 (281523.000.000) 2025-01-26 09:39:22 Job submitted from host: <192.168.0.102:9618?addrs=192.168.0.102-9618&alias=submitter&noUDP&sock=schedd_2032_5c88>
...
014 (281523.000.000) 2025-01-26 09:39:28 Node 0 executing on host: <192.168.0.124:9618?addrs=192.168.0.124-9618&alias=node124.di.rm1&noUDP&sock=startd_2143_7f8b>
...
001 (281523.000.000) 2025-01-26 09:39:28 Job executing on host: MPI_job
...
015 (281523.000.000) 2025-01-26 09:39:31 Node 0 terminated.
	(1) Normal termination (return value 0)
		Usr 0 00:00:04, Sys 0 00:00:00  -  Run Remote Usage
		Usr 0 00:00:00, Sys 0 00:00:00  -  Run Local Usage
		Usr 0 00:00:04, Sys 0 00:00:00  -  Total Remote Usage
		Usr 0 00:00:00, Sys 0 00:00:00  -  Total Local Usage
	0  -  Run Bytes Sent By Node
	0  -  Run Bytes Received By Node
	0  -  Total Bytes Sent By Node
	0  -  Total Bytes Received By Node
...
005 (281523.000.000) 2025-01-26 09:39:31 Job terminated.
	(1) Normal termination (return value 0)
		Usr 0 00:00:04, Sys 0 00:00:00  -  Run Remote Usage
		Usr 0 00:00:00, Sys 0 00:00:00  -  Run Local Usage
		Usr 0 00:00:04, Sys 0 00:00:00  -  Total Remote Usage
		Usr 0 00:00:00, Sys 0 00:00:00  -  Total Local Usage
	0  -  Run Bytes Sent By Job
	0  -  Run Bytes Received By Job
	0  -  Total Bytes Sent By Job
	0  -  Total Bytes Received By Job
	Partitionable Resources :    Usage  Request Allocated 
	   Cpus                 :                 4         4 
	   Disk (KB)            :       15       15    499302 
	   Gpus (Average)       :                 1         1 
	   Memory (MB)          :        0        1       128 

	Job terminated of its own accord at 2025-01-26T09:39:30Z with exit-code 0.
...
000 (281526.000.000) 2025-01-26 09:41:15 Job submitted from host: <192.168.0.102:9618?addrs=192.168.0.102-9618&alias=submitter&noUDP&sock=schedd_2032_5c88>
...
014 (281526.000.000) 2025-01-26 09:41:16 Node 0 executing on host: <192.168.0.124:9618?addrs=192.168.0.124-9618&alias=node124.di.rm1&noUDP&sock=startd_2143_7f8b>
...
001 (281526.000.000) 2025-01-26 09:41:16 Job executing on host: MPI_job
...
015 (281526.000.000) 2025-01-26 09:41:17 Node 0 terminated.
	(1) Normal termination (return value 0)
		Usr 0 00:00:00, Sys 0 00:00:00  -  Run Remote Usage
		Usr 0 00:00:00, Sys 0 00:00:00  -  Run Local Usage
		Usr 0 00:00:00, Sys 0 00:00:00  -  Total Remote Usage
		Usr 0 00:00:00, Sys 0 00:00:00  -  Total Local Usage
	0  -  Run Bytes Sent By Node
	0  -  Run Bytes Received By Node
	0  -  Total Bytes Sent By Node
	0  -  Total Bytes Received By Node
...
005 (281526.000.000) 2025-01-26 09:41:17 Job terminated.
	(1) Normal termination (return value 0)
		Usr 0 00:00:00, Sys 0 00:00:00  -  Run Remote Usage
		Usr 0 00:00:00, Sys 0 00:00:00  -  Run Local Usage
		Usr 0 00:00:00, Sys 0 00:00:00  -  Total Remote Usage
		Usr 0 00:00:00, Sys 0 00:00:00  -  Total Local Usage
	0  -  Run Bytes Sent By Job
	0  -  Run Bytes Received By Job
	0  -  Total Bytes Sent By Job
	0  -  Total Bytes Received By Job
	Partitionable Resources :    Usage  Request Allocated 
	   Cpus                 :                 4         4 
	   Disk (KB)            :       15       15    499302 
	   Gpus (Average)       :                 1         1 
	   Memory (MB)          :        0        0       128 

	Job terminated of its own accord at 2025-01-26T09:41:17Z with exit-code 0.
...
000 (281528.000.000) 2025-01-26 09:42:31 Job submitted from host: <192.168.0.102:9618?addrs=192.168.0.102-9618&alias=submitter&noUDP&sock=schedd_2032_5c88>
...
014 (281528.000.000) 2025-01-26 09:42:33 Node 0 executing on host: <192.168.0.124:9618?addrs=192.168.0.124-9618&alias=node124.di.rm1&noUDP&sock=startd_2143_7f8b>
...
001 (281528.000.000) 2025-01-26 09:42:33 Job executing on host: MPI_job
...
015 (281528.000.000) 2025-01-26 09:42:34 Node 0 terminated.
	(1) Normal termination (return value 0)
		Usr 0 00:00:00, Sys 0 00:00:00  -  Run Remote Usage
		Usr 0 00:00:00, Sys 0 00:00:00  -  Run Local Usage
		Usr 0 00:00:00, Sys 0 00:00:00  -  Total Remote Usage
		Usr 0 00:00:00, Sys 0 00:00:00  -  Total Local Usage
	0  -  Run Bytes Sent By Node
	0  -  Run Bytes Received By Node
	0  -  Total Bytes Sent By Node
	0  -  Total Bytes Received By Node
...
005 (281528.000.000) 2025-01-26 09:42:34 Job terminated.
	(1) Normal termination (return value 0)
		Usr 0 00:00:00, Sys 0 00:00:00  -  Run Remote Usage
		Usr 0 00:00:00, Sys 0 00:00:00  -  Run Local Usage
		Usr 0 00:00:00, Sys 0 00:00:00  -  Total Remote Usage
		Usr 0 00:00:00, Sys 0 00:00:00  -  Total Local Usage
	0  -  Run Bytes Sent By Job
	0  -  Run Bytes Received By Job
	0  -  Total Bytes Sent By Job
	0  -  Total Bytes Received By Job
	Partitionable Resources :    Usage  Request Allocated 
	   Cpus                 :                 4         4 
	   Disk (KB)            :       15       15    499302 
	   Gpus (Average)       :                 1         1 
	   Memory (MB)          :        0        0       128 

	Job terminated of its own accord at 2025-01-26T09:42:34Z with exit-code 0.
...
000 (281529.000.000) 2025-01-26 09:43:00 Job submitted from host: <192.168.0.102:9618?addrs=192.168.0.102-9618&alias=submitter&noUDP&sock=schedd_2032_5c88>
...
014 (281529.000.000) 2025-01-26 09:43:01 Node 0 executing on host: <192.168.0.124:9618?addrs=192.168.0.124-9618&alias=node124.di.rm1&noUDP&sock=startd_2143_7f8b>
...
001 (281529.000.000) 2025-01-26 09:43:01 Job executing on host: MPI_job
...
015 (281529.000.000) 2025-01-26 09:43:02 Node 0 terminated.
	(1) Normal termination (return value 0)
		Usr 0 00:00:00, Sys 0 00:00:00  -  Run Remote Usage
		Usr 0 00:00:00, Sys 0 00:00:00  -  Run Local Usage
		Usr 0 00:00:00, Sys 0 00:00:00  -  Total Remote Usage
		Usr 0 00:00:00, Sys 0 00:00:00  -  Total Local Usage
	0  -  Run Bytes Sent By Node
	0  -  Run Bytes Received By Node
	0  -  Total Bytes Sent By Node
	0  -  Total Bytes Received By Node
...
005 (281529.000.000) 2025-01-26 09:43:02 Job terminated.
	(1) Normal termination (return value 0)
		Usr 0 00:00:00, Sys 0 00:00:00  -  Run Remote Usage
		Usr 0 00:00:00, Sys 0 00:00:00  -  Run Local Usage
		Usr 0 00:00:00, Sys 0 00:00:00  -  Total Remote Usage
		Usr 0 00:00:00, Sys 0 00:00:00  -  Total Local Usage
	0  -  Run Bytes Sent By Job
	0  -  Run Bytes Received By Job
	0  -  Total Bytes Sent By Job
	0  -  Total Bytes Received By Job
	Partitionable Resources :    Usage  Request Allocated 
	   Cpus                 :                 4         4 
	   Disk (KB)            :       15       15    499302 
	   Gpus (Average)       :                 1         1 
	   Memory (MB)          :        0        0       128 

	Job terminated of its own accord at 2025-01-26T09:43:02Z with exit-code 0.
...
000 (281530.000.000) 2025-01-26 09:43:24 Job submitted from host: <192.168.0.102:9618?addrs=192.168.0.102-9618&alias=submitter&noUDP&sock=schedd_2032_5c88>
...
014 (281530.000.000) 2025-01-26 09:43:26 Node 0 executing on host: <192.168.0.124:9618?addrs=192.168.0.124-9618&alias=node124.di.rm1&noUDP&sock=startd_2143_7f8b>
...
001 (281530.000.000) 2025-01-26 09:43:26 Job executing on host: MPI_job
...
015 (281530.000.000) 2025-01-26 09:43:26 Node 0 terminated.
	(1) Normal termination (return value 0)
		Usr 0 00:00:00, Sys 0 00:00:00  -  Run Remote Usage
		Usr 0 00:00:00, Sys 0 00:00:00  -  Run Local Usage
		Usr 0 00:00:00, Sys 0 00:00:00  -  Total Remote Usage
		Usr 0 00:00:00, Sys 0 00:00:00  -  Total Local Usage
	0  -  Run Bytes Sent By Node
	0  -  Run Bytes Received By Node
	0  -  Total Bytes Sent By Node
	0  -  Total Bytes Received By Node
...
005 (281530.000.000) 2025-01-26 09:43:26 Job terminated.
	(1) Normal termination (return value 0)
		Usr 0 00:00:00, Sys 0 00:00:00  -  Run Remote Usage
		Usr 0 00:00:00, Sys 0 00:00:00  -  Run Local Usage
		Usr 0 00:00:00, Sys 0 00:00:00  -  Total Remote Usage
		Usr 0 00:00:00, Sys 0 00:00:00  -  Total Local Usage
	0  -  Run Bytes Sent By Job
	0  -  Run Bytes Received By Job
	0  -  Total Bytes Sent By Job
	0  -  Total Bytes Received By Job
	Partitionable Resources :    Usage  Request Allocated 
	   Cpus                 :                 4         4 
	   Disk (KB)            :       15       15    499302 
	   Gpus (Average)       :                 1         1 
	   Memory (MB)          :        0        0       128 

	Job terminated of its own accord at 2025-01-26T09:43:26Z with exit-code 0.
...
000 (281531.000.000) 2025-01-26 09:43:41 Job submitted from host: <192.168.0.102:9618?addrs=192.168.0.102-9618&alias=submitter&noUDP&sock=schedd_2032_5c88>
...
014 (281531.000.000) 2025-01-26 09:43:43 Node 0 executing on host: <192.168.0.124:9618?addrs=192.168.0.124-9618&alias=node124.di.rm1&noUDP&sock=startd_2143_7f8b>
...
001 (281531.000.000) 2025-01-26 09:43:43 Job executing on host: MPI_job
...
015 (281531.000.000) 2025-01-26 09:43:43 Node 0 terminated.
	(1) Normal termination (return value 0)
		Usr 0 00:00:00, Sys 0 00:00:00  -  Run Remote Usage
		Usr 0 00:00:00, Sys 0 00:00:00  -  Run Local Usage
		Usr 0 00:00:00, Sys 0 00:00:00  -  Total Remote Usage
		Usr 0 00:00:00, Sys 0 00:00:00  -  Total Local Usage
	0  -  Run Bytes Sent By Node
	0  -  Run Bytes Received By Node
	0  -  Total Bytes Sent By Node
	0  -  Total Bytes Received By Node
...
005 (281531.000.000) 2025-01-26 09:43:43 Job terminated.
	(1) Normal termination (return value 0)
		Usr 0 00:00:00, Sys 0 00:00:00  -  Run Remote Usage
		Usr 0 00:00:00, Sys 0 00:00:00  -  Run Local Usage
		Usr 0 00:00:00, Sys 0 00:00:00  -  Total Remote Usage
		Usr 0 00:00:00, Sys 0 00:00:00  -  Total Local Usage
	0  -  Run Bytes Sent By Job
	0  -  Run Bytes Received By Job
	0  -  Total Bytes Sent By Job
	0  -  Total Bytes Received By Job
	Partitionable Resources :    Usage  Request Allocated 
	   Cpus                 :                 4         4 
	   Disk (KB)            :       15       15    499302 
	   Gpus (Average)       :                 1         1 
	   Memory (MB)          :        0        0       128 

	Job terminated of its own accord at 2025-01-26T09:43:43Z with exit-code 0.
...
000 (281554.000.000) 2025-01-26 10:01:17 Job submitted from host: <192.168.0.102:9618?addrs=192.168.0.102-9618&alias=submitter&noUDP&sock=schedd_2032_5c88>
...
014 (281554.000.000) 2025-01-26 10:01:20 Node 0 executing on host: <192.168.0.124:9618?addrs=192.168.0.124-9618&alias=node124.di.rm1&noUDP&sock=startd_2143_7f8b>
...
001 (281554.000.000) 2025-01-26 10:01:20 Job executing on host: MPI_job
...
015 (281554.000.000) 2025-01-26 10:01:22 Node 0 terminated.
	(1) Normal termination (return value 0)
		Usr 0 00:00:09, Sys 0 00:00:00  -  Run Remote Usage
		Usr 0 00:00:00, Sys 0 00:00:00  -  Run Local Usage
		Usr 0 00:00:09, Sys 0 00:00:00  -  Total Remote Usage
		Usr 0 00:00:00, Sys 0 00:00:00  -  Total Local Usage
	0  -  Run Bytes Sent By Node
	0  -  Run Bytes Received By Node
	0  -  Total Bytes Sent By Node
	0  -  Total Bytes Received By Node
...
005 (281554.000.000) 2025-01-26 10:01:22 Job terminated.
	(1) Normal termination (return value 0)
		Usr 0 00:00:09, Sys 0 00:00:00  -  Run Remote Usage
		Usr 0 00:00:00, Sys 0 00:00:00  -  Run Local Usage
		Usr 0 00:00:09, Sys 0 00:00:00  -  Total Remote Usage
		Usr 0 00:00:00, Sys 0 00:00:00  -  Total Local Usage
	0  -  Run Bytes Sent By Job
	0  -  Run Bytes Received By Job
	0  -  Total Bytes Sent By Job
	0  -  Total Bytes Received By Job
	Partitionable Resources :    Usage  Request Allocated 
	   Cpus                 :                 8        16 
	   Disk (KB)            :       15       15    499302 
	   Gpus (Average)       :                 1         1 
	   Memory (MB)          :        0        0       128 

	Job terminated of its own accord at 2025-01-26T10:01:22Z with exit-code 0.
...
000 (281555.000.000) 2025-01-26 10:01:59 Job submitted from host: <192.168.0.102:9618?addrs=192.168.0.102-9618&alias=submitter&noUDP&sock=schedd_2032_5c88>
...
014 (281555.000.000) 2025-01-26 10:02:02 Node 0 executing on host: <192.168.0.124:9618?addrs=192.168.0.124-9618&alias=node124.di.rm1&noUDP&sock=startd_2143_7f8b>
...
001 (281555.000.000) 2025-01-26 10:02:02 Job executing on host: MPI_job
...
015 (281555.000.000) 2025-01-26 10:02:04 Node 0 terminated.
	(1) Normal termination (return value 0)
		Usr 0 00:00:04, Sys 0 00:00:00  -  Run Remote Usage
		Usr 0 00:00:00, Sys 0 00:00:00  -  Run Local Usage
		Usr 0 00:00:04, Sys 0 00:00:00  -  Total Remote Usage
		Usr 0 00:00:00, Sys 0 00:00:00  -  Total Local Usage
	0  -  Run Bytes Sent By Node
	0  -  Run Bytes Received By Node
	0  -  Total Bytes Sent By Node
	0  -  Total Bytes Received By Node
...
005 (281555.000.000) 2025-01-26 10:02:04 Job terminated.
	(1) Normal termination (return value 0)
		Usr 0 00:00:04, Sys 0 00:00:00  -  Run Remote Usage
		Usr 0 00:00:00, Sys 0 00:00:00  -  Run Local Usage
		Usr 0 00:00:04, Sys 0 00:00:00  -  Total Remote Usage
		Usr 0 00:00:00, Sys 0 00:00:00  -  Total Local Usage
	0  -  Run Bytes Sent By Job
	0  -  Run Bytes Received By Job
	0  -  Total Bytes Sent By Job
	0  -  Total Bytes Received By Job
	Partitionable Resources :    Usage  Request Allocated 
	   Cpus                 :                 8        16 
	   Disk (KB)            :       15       15    499302 
	   Gpus (Average)       :                 1         1 
	   Memory (MB)          :        0        0       128 

	Job terminated of its own accord at 2025-01-26T10:02:03Z with exit-code 0.
...
000 (281556.000.000) 2025-01-26 10:02:26 Job submitted from host: <192.168.0.102:9618?addrs=192.168.0.102-9618&alias=submitter&noUDP&sock=schedd_2032_5c88>
...
014 (281556.000.000) 2025-01-26 10:02:29 Node 0 executing on host: <192.168.0.124:9618?addrs=192.168.0.124-9618&alias=node124.di.rm1&noUDP&sock=startd_2143_7f8b>
...
001 (281556.000.000) 2025-01-26 10:02:29 Job executing on host: MPI_job
...
015 (281556.000.000) 2025-01-26 10:02:30 Node 0 terminated.
	(1) Normal termination (return value 0)
		Usr 0 00:00:00, Sys 0 00:00:00  -  Run Remote Usage
		Usr 0 00:00:00, Sys 0 00:00:00  -  Run Local Usage
		Usr 0 00:00:00, Sys 0 00:00:00  -  Total Remote Usage
		Usr 0 00:00:00, Sys 0 00:00:00  -  Total Local Usage
	0  -  Run Bytes Sent By Node
	0  -  Run Bytes Received By Node
	0  -  Total Bytes Sent By Node
	0  -  Total Bytes Received By Node
...
005 (281556.000.000) 2025-01-26 10:02:30 Job terminated.
	(1) Normal termination (return value 0)
		Usr 0 00:00:00, Sys 0 00:00:00  -  Run Remote Usage
		Usr 0 00:00:00, Sys 0 00:00:00  -  Run Local Usage
		Usr 0 00:00:00, Sys 0 00:00:00  -  Total Remote Usage
		Usr 0 00:00:00, Sys 0 00:00:00  -  Total Local Usage
	0  -  Run Bytes Sent By Job
	0  -  Run Bytes Received By Job
	0  -  Total Bytes Sent By Job
	0  -  Total Bytes Received By Job
	Partitionable Resources :    Usage  Request Allocated 
	   Cpus                 :                 8        16 
	   Disk (KB)            :       15       15    499302 
	   Gpus (Average)       :                 1         1 
	   Memory (MB)          :        0        0       128 

	Job terminated of its own accord at 2025-01-26T10:02:29Z with exit-code 0.
...
000 (281558.000.000) 2025-01-26 10:02:45 Job submitted from host: <192.168.0.102:9618?addrs=192.168.0.102-9618&alias=submitter&noUDP&sock=schedd_2032_5c88>
...
014 (281558.000.000) 2025-01-26 10:02:46 Node 0 executing on host: <192.168.0.124:9618?addrs=192.168.0.124-9618&alias=node124.di.rm1&noUDP&sock=startd_2143_7f8b>
...
001 (281558.000.000) 2025-01-26 10:02:46 Job executing on host: MPI_job
...
015 (281558.000.000) 2025-01-26 10:02:47 Node 0 terminated.
	(1) Normal termination (return value 0)
		Usr 0 00:00:00, Sys 0 00:00:00  -  Run Remote Usage
		Usr 0 00:00:00, Sys 0 00:00:00  -  Run Local Usage
		Usr 0 00:00:00, Sys 0 00:00:00  -  Total Remote Usage
		Usr 0 00:00:00, Sys 0 00:00:00  -  Total Local Usage
	0  -  Run Bytes Sent By Node
	0  -  Run Bytes Received By Node
	0  -  Total Bytes Sent By Node
	0  -  Total Bytes Received By Node
...
005 (281558.000.000) 2025-01-26 10:02:47 Job terminated.
	(1) Normal termination (return value 0)
		Usr 0 00:00:00, Sys 0 00:00:00  -  Run Remote Usage
		Usr 0 00:00:00, Sys 0 00:00:00  -  Run Local Usage
		Usr 0 00:00:00, Sys 0 00:00:00  -  Total Remote Usage
		Usr 0 00:00:00, Sys 0 00:00:00  -  Total Local Usage
	0  -  Run Bytes Sent By Job
	0  -  Run Bytes Received By Job
	0  -  Total Bytes Sent By Job
	0  -  Total Bytes Received By Job
	Partitionable Resources :    Usage  Request Allocated 
	   Cpus                 :                 8        16 
	   Disk (KB)            :       15       15    499302 
	   Gpus (Average)       :                 1         1 
	   Memory (MB)          :        0        0       128 

	Job terminated of its own accord at 2025-01-26T10:02:47Z with exit-code 0.
...
000 (281559.000.000) 2025-01-26 10:03:00 Job submitted from host: <192.168.0.102:9618?addrs=192.168.0.102-9618&alias=submitter&noUDP&sock=schedd_2032_5c88>
...
014 (281559.000.000) 2025-01-26 10:03:02 Node 0 executing on host: <192.168.0.124:9618?addrs=192.168.0.124-9618&alias=node124.di.rm1&noUDP&sock=startd_2143_7f8b>
...
001 (281559.000.000) 2025-01-26 10:03:02 Job executing on host: MPI_job
...
015 (281559.000.000) 2025-01-26 10:03:03 Node 0 terminated.
	(1) Normal termination (return value 0)
		Usr 0 00:00:00, Sys 0 00:00:00  -  Run Remote Usage
		Usr 0 00:00:00, Sys 0 00:00:00  -  Run Local Usage
		Usr 0 00:00:00, Sys 0 00:00:00  -  Total Remote Usage
		Usr 0 00:00:00, Sys 0 00:00:00  -  Total Local Usage
	0  -  Run Bytes Sent By Node
	0  -  Run Bytes Received By Node
	0  -  Total Bytes Sent By Node
	0  -  Total Bytes Received By Node
...
005 (281559.000.000) 2025-01-26 10:03:03 Job terminated.
	(1) Normal termination (return value 0)
		Usr 0 00:00:00, Sys 0 00:00:00  -  Run Remote Usage
		Usr 0 00:00:00, Sys 0 00:00:00  -  Run Local Usage
		Usr 0 00:00:00, Sys 0 00:00:00  -  Total Remote Usage
		Usr 0 00:00:00, Sys 0 00:00:00  -  Total Local Usage
	0  -  Run Bytes Sent By Job
	0  -  Run Bytes Received By Job
	0  -  Total Bytes Sent By Job
	0  -  Total Bytes Received By Job
	Partitionable Resources :    Usage  Request Allocated 
	   Cpus                 :                 8        16 
	   Disk (KB)            :       15       15    499302 
	   Gpus (Average)       :                 1         1 
	   Memory (MB)          :        0        0       128 

	Job terminated of its own accord at 2025-01-26T10:03:03Z with exit-code 0.
...
000 (281560.000.000) 2025-01-26 10:03:22 Job submitted from host: <192.168.0.102:9618?addrs=192.168.0.102-9618&alias=submitter&noUDP&sock=schedd_2032_5c88>
...
014 (281560.000.000) 2025-01-26 10:03:25 Node 0 executing on host: <192.168.0.124:9618?addrs=192.168.0.124-9618&alias=node124.di.rm1&noUDP&sock=startd_2143_7f8b>
...
001 (281560.000.000) 2025-01-26 10:03:25 Job executing on host: MPI_job
...
015 (281560.000.000) 2025-01-26 10:03:26 Node 0 terminated.
	(1) Normal termination (return value 0)
		Usr 0 00:00:00, Sys 0 00:00:00  -  Run Remote Usage
		Usr 0 00:00:00, Sys 0 00:00:00  -  Run Local Usage
		Usr 0 00:00:00, Sys 0 00:00:00  -  Total Remote Usage
		Usr 0 00:00:00, Sys 0 00:00:00  -  Total Local Usage
	0  -  Run Bytes Sent By Node
	0  -  Run Bytes Received By Node
	0  -  Total Bytes Sent By Node
	0  -  Total Bytes Received By Node
...
005 (281560.000.000) 2025-01-26 10:03:26 Job terminated.
	(1) Normal termination (return value 0)
		Usr 0 00:00:00, Sys 0 00:00:00  -  Run Remote Usage
		Usr 0 00:00:00, Sys 0 00:00:00  -  Run Local Usage
		Usr 0 00:00:00, Sys 0 00:00:00  -  Total Remote Usage
		Usr 0 00:00:00, Sys 0 00:00:00  -  Total Local Usage
	0  -  Run Bytes Sent By Job
	0  -  Run Bytes Received By Job
	0  -  Total Bytes Sent By Job
	0  -  Total Bytes Received By Job
	Partitionable Resources :    Usage  Request Allocated 
	   Cpus                 :                 8        16 
	   Disk (KB)            :       15       15    499302 
	   Gpus (Average)       :                 1         1 
	   Memory (MB)          :        0        0       128 

	Job terminated of its own accord at 2025-01-26T10:03:26Z with exit-code 0.
...
000 (281561.000.000) 2025-01-26 10:03:41 Job submitted from host: <192.168.0.102:9618?addrs=192.168.0.102-9618&alias=submitter&noUDP&sock=schedd_2032_5c88>
...
014 (281561.000.000) 2025-01-26 10:03:42 Node 0 executing on host: <192.168.0.124:9618?addrs=192.168.0.124-9618&alias=node124.di.rm1&noUDP&sock=startd_2143_7f8b>
...
001 (281561.000.000) 2025-01-26 10:03:42 Job executing on host: MPI_job
...
015 (281561.000.000) 2025-01-26 10:03:43 Node 0 terminated.
	(1) Normal termination (return value 0)
		Usr 0 00:00:00, Sys 0 00:00:00  -  Run Remote Usage
		Usr 0 00:00:00, Sys 0 00:00:00  -  Run Local Usage
		Usr 0 00:00:00, Sys 0 00:00:00  -  Total Remote Usage
		Usr 0 00:00:00, Sys 0 00:00:00  -  Total Local Usage
	0  -  Run Bytes Sent By Node
	0  -  Run Bytes Received By Node
	0  -  Total Bytes Sent By Node
	0  -  Total Bytes Received By Node
...
005 (281561.000.000) 2025-01-26 10:03:43 Job terminated.
	(1) Normal termination (return value 0)
		Usr 0 00:00:00, Sys 0 00:00:00  -  Run Remote Usage
		Usr 0 00:00:00, Sys 0 00:00:00  -  Run Local Usage
		Usr 0 00:00:00, Sys 0 00:00:00  -  Total Remote Usage
		Usr 0 00:00:00, Sys 0 00:00:00  -  Total Local Usage
	0  -  Run Bytes Sent By Job
	0  -  Run Bytes Received By Job
	0  -  Total Bytes Sent By Job
	0  -  Total Bytes Received By Job
	Partitionable Resources :    Usage  Request Allocated 
	   Cpus                 :                 8        16 
	   Disk (KB)            :       15       15    499302 
	   Gpus (Average)       :                 1         1 
	   Memory (MB)          :        0        0       128 

	Job terminated of its own accord at 2025-01-26T10:03:42Z with exit-code 0.
...
000 (281573.000.000) 2025-01-26 10:20:46 Job submitted from host: <192.168.0.102:9618?addrs=192.168.0.102-9618&alias=submitter&noUDP&sock=schedd_2032_5c88>
...
014 (281573.000.000) 2025-01-26 10:21:10 Node 0 executing on host: <192.168.0.124:9618?addrs=192.168.0.124-9618&alias=node124.di.rm1&noUDP&sock=startd_2143_7f8b>
...
001 (281573.000.000) 2025-01-26 10:21:10 Job executing on host: MPI_job
...
015 (281573.000.000) 2025-01-26 10:21:12 Node 0 terminated.
	(1) Normal termination (return value 0)
		Usr 0 00:00:05, Sys 0 00:00:00  -  Run Remote Usage
		Usr 0 00:00:00, Sys 0 00:00:00  -  Run Local Usage
		Usr 0 00:00:05, Sys 0 00:00:00  -  Total Remote Usage
		Usr 0 00:00:00, Sys 0 00:00:00  -  Total Local Usage
	0  -  Run Bytes Sent By Node
	0  -  Run Bytes Received By Node
	0  -  Total Bytes Sent By Node
	0  -  Total Bytes Received By Node
...
005 (281573.000.000) 2025-01-26 10:21:12 Job terminated.
	(1) Normal termination (return value 0)
		Usr 0 00:00:05, Sys 0 00:00:00  -  Run Remote Usage
		Usr 0 00:00:00, Sys 0 00:00:00  -  Run Local Usage
		Usr 0 00:00:05, Sys 0 00:00:00  -  Total Remote Usage
		Usr 0 00:00:00, Sys 0 00:00:00  -  Total Local Usage
	0  -  Run Bytes Sent By Job
	0  -  Run Bytes Received By Job
	0  -  Total Bytes Sent By Job
	0  -  Total Bytes Received By Job
	Partitionable Resources :    Usage  Request Allocated 
	   Cpus                 :                 8         8 
	   Disk (KB)            :       15       15    499302 
	   Gpus (Average)       :                 1         1 
	   Memory (MB)          :        0        1       128 

	Job terminated of its own accord at 2025-01-26T10:21:12Z with exit-code 0.
...
000 (281574.000.000) 2025-01-26 10:21:52 Job submitted from host: <192.168.0.102:9618?addrs=192.168.0.102-9618&alias=submitter&noUDP&sock=schedd_2032_5c88>
...
014 (281574.000.000) 2025-01-26 10:21:55 Node 0 executing on host: <192.168.0.124:9618?addrs=192.168.0.124-9618&alias=node124.di.rm1&noUDP&sock=startd_2143_7f8b>
...
001 (281574.000.000) 2025-01-26 10:21:55 Job executing on host: MPI_job
...
015 (281574.000.000) 2025-01-26 10:21:56 Node 0 terminated.
	(1) Normal termination (return value 0)
		Usr 0 00:00:01, Sys 0 00:00:00  -  Run Remote Usage
		Usr 0 00:00:00, Sys 0 00:00:00  -  Run Local Usage
		Usr 0 00:00:01, Sys 0 00:00:00  -  Total Remote Usage
		Usr 0 00:00:00, Sys 0 00:00:00  -  Total Local Usage
	0  -  Run Bytes Sent By Node
	0  -  Run Bytes Received By Node
	0  -  Total Bytes Sent By Node
	0  -  Total Bytes Received By Node
...
005 (281574.000.000) 2025-01-26 10:21:56 Job terminated.
	(1) Normal termination (return value 0)
		Usr 0 00:00:01, Sys 0 00:00:00  -  Run Remote Usage
		Usr 0 00:00:00, Sys 0 00:00:00  -  Run Local Usage
		Usr 0 00:00:01, Sys 0 00:00:00  -  Total Remote Usage
		Usr 0 00:00:00, Sys 0 00:00:00  -  Total Local Usage
	0  -  Run Bytes Sent By Job
	0  -  Run Bytes Received By Job
	0  -  Total Bytes Sent By Job
	0  -  Total Bytes Received By Job
	Partitionable Resources :    Usage  Request Allocated 
	   Cpus                 :                 8         8 
	   Disk (KB)            :       15       15    499302 
	   Gpus (Average)       :                 1         1 
	   Memory (MB)          :        0        0       128 

	Job terminated of its own accord at 2025-01-26T10:21:56Z with exit-code 0.
...
000 (281575.000.000) 2025-01-26 10:22:23 Job submitted from host: <192.168.0.102:9618?addrs=192.168.0.102-9618&alias=submitter&noUDP&sock=schedd_2032_5c88>
...
014 (281575.000.000) 2025-01-26 10:22:26 Node 0 executing on host: <192.168.0.124:9618?addrs=192.168.0.124-9618&alias=node124.di.rm1&noUDP&sock=startd_2143_7f8b>
...
001 (281575.000.000) 2025-01-26 10:22:26 Job executing on host: MPI_job
...
015 (281575.000.000) 2025-01-26 10:22:27 Node 0 terminated.
	(1) Normal termination (return value 0)
		Usr 0 00:00:00, Sys 0 00:00:01  -  Run Remote Usage
		Usr 0 00:00:00, Sys 0 00:00:00  -  Run Local Usage
		Usr 0 00:00:00, Sys 0 00:00:01  -  Total Remote Usage
		Usr 0 00:00:00, Sys 0 00:00:00  -  Total Local Usage
	0  -  Run Bytes Sent By Node
	0  -  Run Bytes Received By Node
	0  -  Total Bytes Sent By Node
	0  -  Total Bytes Received By Node
...
005 (281575.000.000) 2025-01-26 10:22:27 Job terminated.
	(1) Normal termination (return value 0)
		Usr 0 00:00:00, Sys 0 00:00:01  -  Run Remote Usage
		Usr 0 00:00:00, Sys 0 00:00:00  -  Run Local Usage
		Usr 0 00:00:00, Sys 0 00:00:01  -  Total Remote Usage
		Usr 0 00:00:00, Sys 0 00:00:00  -  Total Local Usage
	0  -  Run Bytes Sent By Job
	0  -  Run Bytes Received By Job
	0  -  Total Bytes Sent By Job
	0  -  Total Bytes Received By Job
	Partitionable Resources :    Usage  Request Allocated 
	   Cpus                 :                 8         8 
	   Disk (KB)            :       15       15    499302 
	   Gpus (Average)       :                 1         1 
	   Memory (MB)          :        0        0       128 

	Job terminated of its own accord at 2025-01-26T10:22:27Z with exit-code 0.
...
000 (281576.000.000) 2025-01-26 10:22:44 Job submitted from host: <192.168.0.102:9618?addrs=192.168.0.102-9618&alias=submitter&noUDP&sock=schedd_2032_5c88>
...
014 (281576.000.000) 2025-01-26 10:22:47 Node 0 executing on host: <192.168.0.124:9618?addrs=192.168.0.124-9618&alias=node124.di.rm1&noUDP&sock=startd_2143_7f8b>
...
001 (281576.000.000) 2025-01-26 10:22:47 Job executing on host: MPI_job
...
015 (281576.000.000) 2025-01-26 10:22:48 Node 0 terminated.
	(1) Normal termination (return value 0)
		Usr 0 00:00:01, Sys 0 00:00:00  -  Run Remote Usage
		Usr 0 00:00:00, Sys 0 00:00:00  -  Run Local Usage
		Usr 0 00:00:01, Sys 0 00:00:00  -  Total Remote Usage
		Usr 0 00:00:00, Sys 0 00:00:00  -  Total Local Usage
	0  -  Run Bytes Sent By Node
	0  -  Run Bytes Received By Node
	0  -  Total Bytes Sent By Node
	0  -  Total Bytes Received By Node
...
005 (281576.000.000) 2025-01-26 10:22:48 Job terminated.
	(1) Normal termination (return value 0)
		Usr 0 00:00:01, Sys 0 00:00:00  -  Run Remote Usage
		Usr 0 00:00:00, Sys 0 00:00:00  -  Run Local Usage
		Usr 0 00:00:01, Sys 0 00:00:00  -  Total Remote Usage
		Usr 0 00:00:00, Sys 0 00:00:00  -  Total Local Usage
	0  -  Run Bytes Sent By Job
	0  -  Run Bytes Received By Job
	0  -  Total Bytes Sent By Job
	0  -  Total Bytes Received By Job
	Partitionable Resources :    Usage  Request Allocated 
	   Cpus                 :                 8         8 
	   Disk (KB)            :       15       15    499302 
	   Gpus (Average)       :                 1         1 
	   Memory (MB)          :        0        0       128 

	Job terminated of its own accord at 2025-01-26T10:22:48Z with exit-code 0.
...
000 (281577.000.000) 2025-01-26 10:23:06 Job submitted from host: <192.168.0.102:9618?addrs=192.168.0.102-9618&alias=submitter&noUDP&sock=schedd_2032_5c88>
...
014 (281577.000.000) 2025-01-26 10:23:09 Node 0 executing on host: <192.168.0.124:9618?addrs=192.168.0.124-9618&alias=node124.di.rm1&noUDP&sock=startd_2143_7f8b>
...
001 (281577.000.000) 2025-01-26 10:23:09 Job executing on host: MPI_job
...
015 (281577.000.000) 2025-01-26 10:23:10 Node 0 terminated.
	(1) Normal termination (return value 0)
		Usr 0 00:00:00, Sys 0 00:00:00  -  Run Remote Usage
		Usr 0 00:00:00, Sys 0 00:00:00  -  Run Local Usage
		Usr 0 00:00:00, Sys 0 00:00:00  -  Total Remote Usage
		Usr 0 00:00:00, Sys 0 00:00:00  -  Total Local Usage
	0  -  Run Bytes Sent By Node
	0  -  Run Bytes Received By Node
	0  -  Total Bytes Sent By Node
	0  -  Total Bytes Received By Node
...
005 (281577.000.000) 2025-01-26 10:23:10 Job terminated.
	(1) Normal termination (return value 0)
		Usr 0 00:00:00, Sys 0 00:00:00  -  Run Remote Usage
		Usr 0 00:00:00, Sys 0 00:00:00  -  Run Local Usage
		Usr 0 00:00:00, Sys 0 00:00:00  -  Total Remote Usage
		Usr 0 00:00:00, Sys 0 00:00:00  -  Total Local Usage
	0  -  Run Bytes Sent By Job
	0  -  Run Bytes Received By Job
	0  -  Total Bytes Sent By Job
	0  -  Total Bytes Received By Job
	Partitionable Resources :    Usage  Request Allocated 
	   Cpus                 :                 8         8 
	   Disk (KB)            :       15       15    499302 
	   Gpus (Average)       :                 1         1 
	   Memory (MB)          :        0        0       128 

	Job terminated of its own accord at 2025-01-26T10:23:10Z with exit-code 0.
...
000 (281578.000.000) 2025-01-26 10:23:31 Job submitted from host: <192.168.0.102:9618?addrs=192.168.0.102-9618&alias=submitter&noUDP&sock=schedd_2032_5c88>
...
014 (281578.000.000) 2025-01-26 10:23:34 Node 0 executing on host: <192.168.0.124:9618?addrs=192.168.0.124-9618&alias=node124.di.rm1&noUDP&sock=startd_2143_7f8b>
...
001 (281578.000.000) 2025-01-26 10:23:34 Job executing on host: MPI_job
...
015 (281578.000.000) 2025-01-26 10:23:35 Node 0 terminated.
	(1) Normal termination (return value 0)
		Usr 0 00:00:00, Sys 0 00:00:00  -  Run Remote Usage
		Usr 0 00:00:00, Sys 0 00:00:00  -  Run Local Usage
		Usr 0 00:00:00, Sys 0 00:00:00  -  Total Remote Usage
		Usr 0 00:00:00, Sys 0 00:00:00  -  Total Local Usage
	0  -  Run Bytes Sent By Node
	0  -  Run Bytes Received By Node
	0  -  Total Bytes Sent By Node
	0  -  Total Bytes Received By Node
...
005 (281578.000.000) 2025-01-26 10:23:35 Job terminated.
	(1) Normal termination (return value 0)
		Usr 0 00:00:00, Sys 0 00:00:00  -  Run Remote Usage
		Usr 0 00:00:00, Sys 0 00:00:00  -  Run Local Usage
		Usr 0 00:00:00, Sys 0 00:00:00  -  Total Remote Usage
		Usr 0 00:00:00, Sys 0 00:00:00  -  Total Local Usage
	0  -  Run Bytes Sent By Job
	0  -  Run Bytes Received By Job
	0  -  Total Bytes Sent By Job
	0  -  Total Bytes Received By Job
	Partitionable Resources :    Usage  Request Allocated 
	   Cpus                 :                 8         8 
	   Disk (KB)            :       15       15    499302 
	   Gpus (Average)       :                 1         1 
	   Memory (MB)          :        0        0       128 

	Job terminated of its own accord at 2025-01-26T10:23:35Z with exit-code 0.
...
000 (281587.000.000) 2025-01-26 10:28:20 Job submitted from host: <192.168.0.102:9618?addrs=192.168.0.102-9618&alias=submitter&noUDP&sock=schedd_2032_5c88>
...
014 (281587.000.000) 2025-01-26 10:28:23 Node 0 executing on host: <192.168.0.124:9618?addrs=192.168.0.124-9618&alias=node124.di.rm1&noUDP&sock=startd_2143_7f8b>
...
001 (281587.000.000) 2025-01-26 10:28:23 Job executing on host: MPI_job
...
015 (281587.000.000) 2025-01-26 10:28:25 Node 0 terminated.
	(1) Normal termination (return value 0)
		Usr 0 00:00:21, Sys 0 00:00:02  -  Run Remote Usage
		Usr 0 00:00:00, Sys 0 00:00:00  -  Run Local Usage
		Usr 0 00:00:21, Sys 0 00:00:02  -  Total Remote Usage
		Usr 0 00:00:00, Sys 0 00:00:00  -  Total Local Usage
	0  -  Run Bytes Sent By Node
	0  -  Run Bytes Received By Node
	0  -  Total Bytes Sent By Node
	0  -  Total Bytes Received By Node
...
005 (281587.000.000) 2025-01-26 10:28:25 Job terminated.
	(1) Normal termination (return value 0)
		Usr 0 00:00:21, Sys 0 00:00:02  -  Run Remote Usage
		Usr 0 00:00:00, Sys 0 00:00:00  -  Run Local Usage
		Usr 0 00:00:21, Sys 0 00:00:02  -  Total Remote Usage
		Usr 0 00:00:00, Sys 0 00:00:00  -  Total Local Usage
	0  -  Run Bytes Sent By Job
	0  -  Run Bytes Received By Job
	0  -  Total Bytes Sent By Job
	0  -  Total Bytes Received By Job
	Partitionable Resources :    Usage  Request Allocated 
	   Cpus                 :                 8         8 
	   Disk (KB)            :       15       15    499302 
	   Gpus (Average)       :                 1         1 
	   Memory (MB)          :        0        0       128 

	Job terminated of its own accord at 2025-01-26T10:28:25Z with exit-code 0.
...
000 (281588.000.000) 2025-01-26 10:28:55 Job submitted from host: <192.168.0.102:9618?addrs=192.168.0.102-9618&alias=submitter&noUDP&sock=schedd_2032_5c88>
...
014 (281588.000.000) 2025-01-26 10:28:56 Node 0 executing on host: <192.168.0.124:9618?addrs=192.168.0.124-9618&alias=node124.di.rm1&noUDP&sock=startd_2143_7f8b>
...
001 (281588.000.000) 2025-01-26 10:28:56 Job executing on host: MPI_job
...
015 (281588.000.000) 2025-01-26 10:28:59 Node 0 terminated.
	(1) Normal termination (return value 0)
		Usr 0 00:00:58, Sys 0 00:00:06  -  Run Remote Usage
		Usr 0 00:00:00, Sys 0 00:00:00  -  Run Local Usage
		Usr 0 00:00:58, Sys 0 00:00:06  -  Total Remote Usage
		Usr 0 00:00:00, Sys 0 00:00:00  -  Total Local Usage
	0  -  Run Bytes Sent By Node
	0  -  Run Bytes Received By Node
	0  -  Total Bytes Sent By Node
	0  -  Total Bytes Received By Node
...
005 (281588.000.000) 2025-01-26 10:28:59 Job terminated.
	(1) Normal termination (return value 0)
		Usr 0 00:00:58, Sys 0 00:00:06  -  Run Remote Usage
		Usr 0 00:00:00, Sys 0 00:00:00  -  Run Local Usage
		Usr 0 00:00:58, Sys 0 00:00:06  -  Total Remote Usage
		Usr 0 00:00:00, Sys 0 00:00:00  -  Total Local Usage
	0  -  Run Bytes Sent By Job
	0  -  Run Bytes Received By Job
	0  -  Total Bytes Sent By Job
	0  -  Total Bytes Received By Job
	Partitionable Resources :    Usage  Request Allocated 
	   Cpus                 :                 8         8 
	   Disk (KB)            :       15       15    499302 
	   Gpus (Average)       :                 1         1 
	   Memory (MB)          :        1        0       128 

	Job terminated of its own accord at 2025-01-26T10:28:59Z with exit-code 0.
...
000 (281589.000.000) 2025-01-26 10:29:18 Job submitted from host: <192.168.0.102:9618?addrs=192.168.0.102-9618&alias=submitter&noUDP&sock=schedd_2032_5c88>
...
014 (281589.000.000) 2025-01-26 10:29:21 Node 0 executing on host: <192.168.0.124:9618?addrs=192.168.0.124-9618&alias=node124.di.rm1&noUDP&sock=startd_2143_7f8b>
...
001 (281589.000.000) 2025-01-26 10:29:21 Job executing on host: MPI_job
...
015 (281589.000.000) 2025-01-26 10:29:24 Node 0 terminated.
	(1) Normal termination (return value 0)
		Usr 0 00:00:59, Sys 0 00:00:05  -  Run Remote Usage
		Usr 0 00:00:00, Sys 0 00:00:00  -  Run Local Usage
		Usr 0 00:00:59, Sys 0 00:00:05  -  Total Remote Usage
		Usr 0 00:00:00, Sys 0 00:00:00  -  Total Local Usage
	0  -  Run Bytes Sent By Node
	0  -  Run Bytes Received By Node
	0  -  Total Bytes Sent By Node
	0  -  Total Bytes Received By Node
...
005 (281589.000.000) 2025-01-26 10:29:24 Job terminated.
	(1) Normal termination (return value 0)
		Usr 0 00:00:59, Sys 0 00:00:05  -  Run Remote Usage
		Usr 0 00:00:00, Sys 0 00:00:00  -  Run Local Usage
		Usr 0 00:00:59, Sys 0 00:00:05  -  Total Remote Usage
		Usr 0 00:00:00, Sys 0 00:00:00  -  Total Local Usage
	0  -  Run Bytes Sent By Job
	0  -  Run Bytes Received By Job
	0  -  Total Bytes Sent By Job
	0  -  Total Bytes Received By Job
	Partitionable Resources :    Usage  Request Allocated 
	   Cpus                 :                 8         8 
	   Disk (KB)            :       15       15    499302 
	   Gpus (Average)       :                 1         1 
	   Memory (MB)          :        0        1       128 

	Job terminated of its own accord at 2025-01-26T10:29:24Z with exit-code 0.
...
000 (281591.000.000) 2025-01-26 10:29:45 Job submitted from host: <192.168.0.102:9618?addrs=192.168.0.102-9618&alias=submitter&noUDP&sock=schedd_2032_5c88>
...
014 (281591.000.000) 2025-01-26 10:29:50 Node 0 executing on host: <192.168.0.124:9618?addrs=192.168.0.124-9618&alias=node124.di.rm1&noUDP&sock=startd_2143_7f8b>
...
001 (281591.000.000) 2025-01-26 10:29:50 Job executing on host: MPI_job
...
015 (281591.000.000) 2025-01-26 10:29:51 Node 0 terminated.
	(1) Normal termination (return value 0)
		Usr 0 00:00:03, Sys 0 00:00:01  -  Run Remote Usage
		Usr 0 00:00:00, Sys 0 00:00:00  -  Run Local Usage
		Usr 0 00:00:03, Sys 0 00:00:01  -  Total Remote Usage
		Usr 0 00:00:00, Sys 0 00:00:00  -  Total Local Usage
	0  -  Run Bytes Sent By Node
	0  -  Run Bytes Received By Node
	0  -  Total Bytes Sent By Node
	0  -  Total Bytes Received By Node
...
005 (281591.000.000) 2025-01-26 10:29:51 Job terminated.
	(1) Normal termination (return value 0)
		Usr 0 00:00:03, Sys 0 00:00:01  -  Run Remote Usage
		Usr 0 00:00:00, Sys 0 00:00:00  -  Run Local Usage
		Usr 0 00:00:03, Sys 0 00:00:01  -  Total Remote Usage
		Usr 0 00:00:00, Sys 0 00:00:00  -  Total Local Usage
	0  -  Run Bytes Sent By Job
	0  -  Run Bytes Received By Job
	0  -  Total Bytes Sent By Job
	0  -  Total Bytes Received By Job
	Partitionable Resources :    Usage  Request Allocated 
	   Cpus                 :                 8         8 
	   Disk (KB)            :       15       15    499302 
	   Gpus (Average)       :                 1         1 
	   Memory (MB)          :        0        0       128 

	Job terminated of its own accord at 2025-01-26T10:29:51Z with exit-code 0.
...
000 (281592.000.000) 2025-01-26 10:30:11 Job submitted from host: <192.168.0.102:9618?addrs=192.168.0.102-9618&alias=submitter&noUDP&sock=schedd_2032_5c88>
...
014 (281592.000.000) 2025-01-26 10:30:14 Node 0 executing on host: <192.168.0.124:9618?addrs=192.168.0.124-9618&alias=node124.di.rm1&noUDP&sock=startd_2143_7f8b>
...
001 (281592.000.000) 2025-01-26 10:30:14 Job executing on host: MPI_job
...
015 (281592.000.000) 2025-01-26 10:30:15 Node 0 terminated.
	(1) Normal termination (return value 0)
		Usr 0 00:00:01, Sys 0 00:00:02  -  Run Remote Usage
		Usr 0 00:00:00, Sys 0 00:00:00  -  Run Local Usage
		Usr 0 00:00:01, Sys 0 00:00:02  -  Total Remote Usage
		Usr 0 00:00:00, Sys 0 00:00:00  -  Total Local Usage
	0  -  Run Bytes Sent By Node
	0  -  Run Bytes Received By Node
	0  -  Total Bytes Sent By Node
	0  -  Total Bytes Received By Node
...
005 (281592.000.000) 2025-01-26 10:30:15 Job terminated.
	(1) Normal termination (return value 0)
		Usr 0 00:00:01, Sys 0 00:00:02  -  Run Remote Usage
		Usr 0 00:00:00, Sys 0 00:00:00  -  Run Local Usage
		Usr 0 00:00:01, Sys 0 00:00:02  -  Total Remote Usage
		Usr 0 00:00:00, Sys 0 00:00:00  -  Total Local Usage
	0  -  Run Bytes Sent By Job
	0  -  Run Bytes Received By Job
	0  -  Total Bytes Sent By Job
	0  -  Total Bytes Received By Job
	Partitionable Resources :    Usage  Request Allocated 
	   Cpus                 :                 8         8 
	   Disk (KB)            :       15       15    499302 
	   Gpus (Average)       :                 1         1 
	   Memory (MB)          :        0        0       128 

	Job terminated of its own accord at 2025-01-26T10:30:15Z with exit-code 0.
...
000 (281593.000.000) 2025-01-26 10:30:32 Job submitted from host: <192.168.0.102:9618?addrs=192.168.0.102-9618&alias=submitter&noUDP&sock=schedd_2032_5c88>
...
014 (281593.000.000) 2025-01-26 10:30:34 Node 0 executing on host: <192.168.0.124:9618?addrs=192.168.0.124-9618&alias=node124.di.rm1&noUDP&sock=startd_2143_7f8b>
...
001 (281593.000.000) 2025-01-26 10:30:34 Job executing on host: MPI_job
...
015 (281593.000.000) 2025-01-26 10:30:35 Node 0 terminated.
	(1) Normal termination (return value 0)
		Usr 0 00:00:00, Sys 0 00:00:01  -  Run Remote Usage
		Usr 0 00:00:00, Sys 0 00:00:00  -  Run Local Usage
		Usr 0 00:00:00, Sys 0 00:00:01  -  Total Remote Usage
		Usr 0 00:00:00, Sys 0 00:00:00  -  Total Local Usage
	0  -  Run Bytes Sent By Node
	0  -  Run Bytes Received By Node
	0  -  Total Bytes Sent By Node
	0  -  Total Bytes Received By Node
...
005 (281593.000.000) 2025-01-26 10:30:35 Job terminated.
	(1) Normal termination (return value 0)
		Usr 0 00:00:00, Sys 0 00:00:01  -  Run Remote Usage
		Usr 0 00:00:00, Sys 0 00:00:00  -  Run Local Usage
		Usr 0 00:00:00, Sys 0 00:00:01  -  Total Remote Usage
		Usr 0 00:00:00, Sys 0 00:00:00  -  Total Local Usage
	0  -  Run Bytes Sent By Job
	0  -  Run Bytes Received By Job
	0  -  Total Bytes Sent By Job
	0  -  Total Bytes Received By Job
	Partitionable Resources :    Usage  Request Allocated 
	   Cpus                 :                 8         8 
	   Disk (KB)            :       15       15    499302 
	   Gpus (Average)       :                 1         1 
	   Memory (MB)          :        0        0       128 

	Job terminated of its own accord at 2025-01-26T10:30:35Z with exit-code 0.
...
000 (281594.000.000) 2025-01-26 10:30:52 Job submitted from host: <192.168.0.102:9618?addrs=192.168.0.102-9618&alias=submitter&noUDP&sock=schedd_2032_5c88>
...
014 (281594.000.000) 2025-01-26 10:30:53 Node 0 executing on host: <192.168.0.124:9618?addrs=192.168.0.124-9618&alias=node124.di.rm1&noUDP&sock=startd_2143_7f8b>
...
001 (281594.000.000) 2025-01-26 10:30:53 Job executing on host: MPI_job
...
015 (281594.000.000) 2025-01-26 10:30:54 Node 0 terminated.
	(1) Normal termination (return value 0)
		Usr 0 00:00:00, Sys 0 00:00:01  -  Run Remote Usage
		Usr 0 00:00:00, Sys 0 00:00:00  -  Run Local Usage
		Usr 0 00:00:00, Sys 0 00:00:01  -  Total Remote Usage
		Usr 0 00:00:00, Sys 0 00:00:00  -  Total Local Usage
	0  -  Run Bytes Sent By Node
	0  -  Run Bytes Received By Node
	0  -  Total Bytes Sent By Node
	0  -  Total Bytes Received By Node
...
005 (281594.000.000) 2025-01-26 10:30:54 Job terminated.
	(1) Normal termination (return value 0)
		Usr 0 00:00:00, Sys 0 00:00:01  -  Run Remote Usage
		Usr 0 00:00:00, Sys 0 00:00:00  -  Run Local Usage
		Usr 0 00:00:00, Sys 0 00:00:01  -  Total Remote Usage
		Usr 0 00:00:00, Sys 0 00:00:00  -  Total Local Usage
	0  -  Run Bytes Sent By Job
	0  -  Run Bytes Received By Job
	0  -  Total Bytes Sent By Job
	0  -  Total Bytes Received By Job
	Partitionable Resources :    Usage  Request Allocated 
	   Cpus                 :                 8         8 
	   Disk (KB)            :       15       15    499302 
	   Gpus (Average)       :                 1         1 
	   Memory (MB)          :        0        0       128 

	Job terminated of its own accord at 2025-01-26T10:30:54Z with exit-code 0.
...
000 (281595.000.000) 2025-01-26 10:30:57 Job submitted from host: <192.168.0.102:9618?addrs=192.168.0.102-9618&alias=submitter&noUDP&sock=schedd_2032_5c88>
...
014 (281595.000.000) 2025-01-26 10:30:59 Node 0 executing on host: <192.168.0.124:9618?addrs=192.168.0.124-9618&alias=node124.di.rm1&noUDP&sock=startd_2143_7f8b>
...
001 (281595.000.000) 2025-01-26 10:30:59 Job executing on host: MPI_job
...
015 (281595.000.000) 2025-01-26 10:31:00 Node 0 terminated.
	(1) Normal termination (return value 0)
		Usr 0 00:00:01, Sys 0 00:00:01  -  Run Remote Usage
		Usr 0 00:00:00, Sys 0 00:00:00  -  Run Local Usage
		Usr 0 00:00:01, Sys 0 00:00:01  -  Total Remote Usage
		Usr 0 00:00:00, Sys 0 00:00:00  -  Total Local Usage
	0  -  Run Bytes Sent By Node
	0  -  Run Bytes Received By Node
	0  -  Total Bytes Sent By Node
	0  -  Total Bytes Received By Node
...
005 (281595.000.000) 2025-01-26 10:31:00 Job terminated.
	(1) Normal termination (return value 0)
		Usr 0 00:00:01, Sys 0 00:00:01  -  Run Remote Usage
		Usr 0 00:00:00, Sys 0 00:00:00  -  Run Local Usage
		Usr 0 00:00:01, Sys 0 00:00:01  -  Total Remote Usage
		Usr 0 00:00:00, Sys 0 00:00:00  -  Total Local Usage
	0  -  Run Bytes Sent By Job
	0  -  Run Bytes Received By Job
	0  -  Total Bytes Sent By Job
	0  -  Total Bytes Received By Job
	Partitionable Resources :    Usage  Request Allocated 
	   Cpus                 :                 8         8 
	   Disk (KB)            :       15       15    499302 
	   Gpus (Average)       :                 1         1 
	   Memory (MB)          :        0        0       128 

	Job terminated of its own accord at 2025-01-26T10:31:00Z with exit-code 0.
...
000 (281596.000.000) 2025-01-26 10:31:14 Job submitted from host: <192.168.0.102:9618?addrs=192.168.0.102-9618&alias=submitter&noUDP&sock=schedd_2032_5c88>
...
014 (281596.000.000) 2025-01-26 10:31:15 Node 0 executing on host: <192.168.0.124:9618?addrs=192.168.0.124-9618&alias=node124.di.rm1&noUDP&sock=startd_2143_7f8b>
...
001 (281596.000.000) 2025-01-26 10:31:15 Job executing on host: MPI_job
...
015 (281596.000.000) 2025-01-26 10:31:16 Node 0 terminated.
	(1) Normal termination (return value 0)
		Usr 0 00:00:00, Sys 0 00:00:02  -  Run Remote Usage
		Usr 0 00:00:00, Sys 0 00:00:00  -  Run Local Usage
		Usr 0 00:00:00, Sys 0 00:00:02  -  Total Remote Usage
		Usr 0 00:00:00, Sys 0 00:00:00  -  Total Local Usage
	0  -  Run Bytes Sent By Node
	0  -  Run Bytes Received By Node
	0  -  Total Bytes Sent By Node
	0  -  Total Bytes Received By Node
...
005 (281596.000.000) 2025-01-26 10:31:16 Job terminated.
	(1) Normal termination (return value 0)
		Usr 0 00:00:00, Sys 0 00:00:02  -  Run Remote Usage
		Usr 0 00:00:00, Sys 0 00:00:00  -  Run Local Usage
		Usr 0 00:00:00, Sys 0 00:00:02  -  Total Remote Usage
		Usr 0 00:00:00, Sys 0 00:00:00  -  Total Local Usage
	0  -  Run Bytes Sent By Job
	0  -  Run Bytes Received By Job
	0  -  Total Bytes Sent By Job
	0  -  Total Bytes Received By Job
	Partitionable Resources :    Usage  Request Allocated 
	   Cpus                 :                 8         8 
	   Disk (KB)            :       15       15    499302 
	   Gpus (Average)       :                 1         1 
	   Memory (MB)          :        0        0       128 

	Job terminated of its own accord at 2025-01-26T10:31:16Z with exit-code 0.
...
000 (281612.000.000) 2025-01-26 10:41:48 Job submitted from host: <192.168.0.102:9618?addrs=192.168.0.102-9618&alias=submitter&noUDP&sock=schedd_2032_5c88>
...
014 (281612.000.000) 2025-01-26 10:42:11 Node 0 executing on host: <192.168.0.113:9618?addrs=192.168.0.113-9618&alias=node113.di.rm1&noUDP&sock=startd_3668932_c305>
...
001 (281612.000.000) 2025-01-26 10:42:11 Job executing on host: MPI_job
...
015 (281612.000.000) 2025-01-26 10:42:12 Node 0 terminated.
	(1) Normal termination (return value 0)
		Usr 0 00:00:01, Sys 0 00:00:01  -  Run Remote Usage
		Usr 0 00:00:00, Sys 0 00:00:00  -  Run Local Usage
		Usr 0 00:00:01, Sys 0 00:00:01  -  Total Remote Usage
		Usr 0 00:00:00, Sys 0 00:00:00  -  Total Local Usage
	0  -  Run Bytes Sent By Node
	0  -  Run Bytes Received By Node
	0  -  Total Bytes Sent By Node
	0  -  Total Bytes Received By Node
...
005 (281612.000.000) 2025-01-26 10:42:12 Job terminated.
	(1) Normal termination (return value 0)
		Usr 0 00:00:01, Sys 0 00:00:01  -  Run Remote Usage
		Usr 0 00:00:00, Sys 0 00:00:00  -  Run Local Usage
		Usr 0 00:00:01, Sys 0 00:00:01  -  Total Remote Usage
		Usr 0 00:00:00, Sys 0 00:00:00  -  Total Local Usage
	0  -  Run Bytes Sent By Job
	0  -  Run Bytes Received By Job
	0  -  Total Bytes Sent By Job
	0  -  Total Bytes Received By Job
	Partitionable Resources :    Usage  Request Allocated 
	   Cpus                 :                 8         8 
	   Disk (KB)            :       15       15    459754 
	   Gpus (Average)       :                 1         1 
	   Memory (MB)          :        0        1       128 

	Job terminated of its own accord at 2025-01-26T10:42:12Z with exit-code 0.
...
000 (281614.000.000) 2025-01-26 10:42:32 Job submitted from host: <192.168.0.102:9618?addrs=192.168.0.102-9618&alias=submitter&noUDP&sock=schedd_2032_5c88>
...
014 (281614.000.000) 2025-01-26 10:42:36 Node 0 executing on host: <192.168.0.113:9618?addrs=192.168.0.113-9618&alias=node113.di.rm1&noUDP&sock=startd_3668932_c305>
...
001 (281614.000.000) 2025-01-26 10:42:36 Job executing on host: MPI_job
...
015 (281614.000.000) 2025-01-26 10:42:38 Node 0 terminated.
	(1) Normal termination (return value 0)
		Usr 0 00:00:24, Sys 0 00:00:02  -  Run Remote Usage
		Usr 0 00:00:00, Sys 0 00:00:00  -  Run Local Usage
		Usr 0 00:00:24, Sys 0 00:00:02  -  Total Remote Usage
		Usr 0 00:00:00, Sys 0 00:00:00  -  Total Local Usage
	0  -  Run Bytes Sent By Node
	0  -  Run Bytes Received By Node
	0  -  Total Bytes Sent By Node
	0  -  Total Bytes Received By Node
...
005 (281614.000.000) 2025-01-26 10:42:38 Job terminated.
	(1) Normal termination (return value 0)
		Usr 0 00:00:24, Sys 0 00:00:02  -  Run Remote Usage
		Usr 0 00:00:00, Sys 0 00:00:00  -  Run Local Usage
		Usr 0 00:00:24, Sys 0 00:00:02  -  Total Remote Usage
		Usr 0 00:00:00, Sys 0 00:00:00  -  Total Local Usage
	0  -  Run Bytes Sent By Job
	0  -  Run Bytes Received By Job
	0  -  Total Bytes Sent By Job
	0  -  Total Bytes Received By Job
	Partitionable Resources :    Usage  Request Allocated 
	   Cpus                 :                 8         8 
	   Disk (KB)            :       15       15    459754 
	   Gpus (Average)       :                 1         1 
	   Memory (MB)          :        0        0       128 

	Job terminated of its own accord at 2025-01-26T10:42:38Z with exit-code 0.
...
000 (281615.000.000) 2025-01-26 10:44:57 Job submitted from host: <192.168.0.102:9618?addrs=192.168.0.102-9618&alias=submitter&noUDP&sock=schedd_2032_5c88>
...
014 (281615.000.000) 2025-01-26 10:45:01 Node 0 executing on host: <192.168.0.113:9618?addrs=192.168.0.113-9618&alias=node113.di.rm1&noUDP&sock=startd_3668932_c305>
...
001 (281615.000.000) 2025-01-26 10:45:01 Job executing on host: MPI_job
...
015 (281615.000.000) 2025-01-26 10:45:08 Node 0 terminated.
	(1) Normal termination (return value 0)
		Usr 0 00:01:42, Sys 0 00:00:03  -  Run Remote Usage
		Usr 0 00:00:00, Sys 0 00:00:00  -  Run Local Usage
		Usr 0 00:01:42, Sys 0 00:00:03  -  Total Remote Usage
		Usr 0 00:00:00, Sys 0 00:00:00  -  Total Local Usage
	0  -  Run Bytes Sent By Node
	0  -  Run Bytes Received By Node
	0  -  Total Bytes Sent By Node
	0  -  Total Bytes Received By Node
...
005 (281615.000.000) 2025-01-26 10:45:08 Job terminated.
	(1) Normal termination (return value 0)
		Usr 0 00:01:42, Sys 0 00:00:03  -  Run Remote Usage
		Usr 0 00:00:00, Sys 0 00:00:00  -  Run Local Usage
		Usr 0 00:01:42, Sys 0 00:00:03  -  Total Remote Usage
		Usr 0 00:00:00, Sys 0 00:00:00  -  Total Local Usage
	0  -  Run Bytes Sent By Job
	0  -  Run Bytes Received By Job
	0  -  Total Bytes Sent By Job
	0  -  Total Bytes Received By Job
	Partitionable Resources :    Usage  Request Allocated 
	   Cpus                 :                 8         8 
	   Disk (KB)            :       15       15    459754 
	   Gpus (Average)       :                 1         1 
	   Memory (MB)          :        0        0       128 

	Job terminated of its own accord at 2025-01-26T10:45:08Z with exit-code 0.
...
000 (281616.000.000) 2025-01-26 10:45:29 Job submitted from host: <192.168.0.102:9618?addrs=192.168.0.102-9618&alias=submitter&noUDP&sock=schedd_2032_5c88>
...
014 (281616.000.000) 2025-01-26 10:45:31 Node 0 executing on host: <192.168.0.113:9618?addrs=192.168.0.113-9618&alias=node113.di.rm1&noUDP&sock=startd_3668932_c305>
...
001 (281616.000.000) 2025-01-26 10:45:31 Job executing on host: MPI_job
...
015 (281616.000.000) 2025-01-26 10:45:57 Node 0 terminated.
	(1) Normal termination (return value 0)
		Usr 0 00:06:30, Sys 0 00:00:03  -  Run Remote Usage
		Usr 0 00:00:00, Sys 0 00:00:00  -  Run Local Usage
		Usr 0 00:06:30, Sys 0 00:00:03  -  Total Remote Usage
		Usr 0 00:00:00, Sys 0 00:00:00  -  Total Local Usage
	0  -  Run Bytes Sent By Node
	0  -  Run Bytes Received By Node
	0  -  Total Bytes Sent By Node
	0  -  Total Bytes Received By Node
...
005 (281616.000.000) 2025-01-26 10:45:57 Job terminated.
	(1) Normal termination (return value 0)
		Usr 0 00:06:30, Sys 0 00:00:03  -  Run Remote Usage
		Usr 0 00:00:00, Sys 0 00:00:00  -  Run Local Usage
		Usr 0 00:06:30, Sys 0 00:00:03  -  Total Remote Usage
		Usr 0 00:00:00, Sys 0 00:00:00  -  Total Local Usage
	0  -  Run Bytes Sent By Job
	0  -  Run Bytes Received By Job
	0  -  Total Bytes Sent By Job
	0  -  Total Bytes Received By Job
	Partitionable Resources :    Usage  Request Allocated 
	   Cpus                 :                 8         8 
	   Disk (KB)            :       15       15    459754 
	   Gpus (Average)       :                 1         1 
	   Memory (MB)          :      686        0       128 

	Job terminated of its own accord at 2025-01-26T10:45:56Z with exit-code 0.
...
000 (281618.000.000) 2025-01-26 10:48:01 Job submitted from host: <192.168.0.102:9618?addrs=192.168.0.102-9618&alias=submitter&noUDP&sock=schedd_2032_5c88>
...
014 (281618.000.000) 2025-01-26 10:48:24 Node 0 executing on host: <192.168.0.124:9618?addrs=192.168.0.124-9618&alias=node124.di.rm1&noUDP&sock=startd_2143_7f8b>
...
001 (281618.000.000) 2025-01-26 10:48:24 Job executing on host: MPI_job
...
015 (281618.000.000) 2025-01-26 10:48:39 Node 0 terminated.
	(1) Normal termination (return value 0)
		Usr 0 00:03:47, Sys 0 00:00:02  -  Run Remote Usage
		Usr 0 00:00:00, Sys 0 00:00:00  -  Run Local Usage
		Usr 0 00:03:47, Sys 0 00:00:02  -  Total Remote Usage
		Usr 0 00:00:00, Sys 0 00:00:00  -  Total Local Usage
	0  -  Run Bytes Sent By Node
	0  -  Run Bytes Received By Node
	0  -  Total Bytes Sent By Node
	0  -  Total Bytes Received By Node
...
005 (281618.000.000) 2025-01-26 10:48:39 Job terminated.
	(1) Normal termination (return value 0)
		Usr 0 00:03:47, Sys 0 00:00:02  -  Run Remote Usage
		Usr 0 00:00:00, Sys 0 00:00:00  -  Run Local Usage
		Usr 0 00:03:47, Sys 0 00:00:02  -  Total Remote Usage
		Usr 0 00:00:00, Sys 0 00:00:00  -  Total Local Usage
	0  -  Run Bytes Sent By Job
	0  -  Run Bytes Received By Job
	0  -  Total Bytes Sent By Job
	0  -  Total Bytes Received By Job
	Partitionable Resources :    Usage  Request Allocated 
	   Cpus                 :                 8         8 
	   Disk (KB)            :       15       15    499302 
	   Gpus (Average)       :                 1         1 
	   Memory (MB)          :      852        1       128 

	Job terminated of its own accord at 2025-01-26T10:48:39Z with exit-code 0.
...
000 (281620.000.000) 2025-01-26 10:49:41 Job submitted from host: <192.168.0.102:9618?addrs=192.168.0.102-9618&alias=submitter&noUDP&sock=schedd_2032_5c88>
...
014 (281620.000.000) 2025-01-26 10:50:04 Node 0 executing on host: <192.168.0.123:9618?addrs=192.168.0.123-9618&alias=node123.di.rm1&noUDP&sock=startd_2149_9d1d>
...
001 (281620.000.000) 2025-01-26 10:50:04 Job executing on host: MPI_job
...
015 (281620.000.000) 2025-01-26 10:50:42 Node 0 terminated.
	(1) Normal termination (return value 0)
		Usr 0 00:09:51, Sys 0 00:00:04  -  Run Remote Usage
		Usr 0 00:00:00, Sys 0 00:00:00  -  Run Local Usage
		Usr 0 00:09:51, Sys 0 00:00:04  -  Total Remote Usage
		Usr 0 00:00:00, Sys 0 00:00:00  -  Total Local Usage
	0  -  Run Bytes Sent By Node
	0  -  Run Bytes Received By Node
	0  -  Total Bytes Sent By Node
	0  -  Total Bytes Received By Node
...
005 (281620.000.000) 2025-01-26 10:50:42 Job terminated.
	(1) Normal termination (return value 0)
		Usr 0 00:09:51, Sys 0 00:00:04  -  Run Remote Usage
		Usr 0 00:00:00, Sys 0 00:00:00  -  Run Local Usage
		Usr 0 00:09:51, Sys 0 00:00:04  -  Total Remote Usage
		Usr 0 00:00:00, Sys 0 00:00:00  -  Total Local Usage
	0  -  Run Bytes Sent By Job
	0  -  Run Bytes Received By Job
	0  -  Total Bytes Sent By Job
	0  -  Total Bytes Received By Job
	Partitionable Resources :    Usage  Request Allocated 
	   Cpus                 :                 8         8 
	   Disk (KB)            :       15       15    499900 
	   Gpus (Average)       :                 1         1 
	   Memory (MB)          :      851        1       128 

	Job terminated of its own accord at 2025-01-26T10:50:42Z with exit-code 0.
...
